<?xml version="1.0" encoding="UTF-8"?>
<testsuite xmlns:xsi="http://www.w3.org/2001/XMLSchema-instance" xsi:noNamespaceSchemaLocation="https://maven.apache.org/surefire/maven-surefire-plugin/xsd/surefire-test-report.xsd" name="com.app.test.HelloJunitTest" time="0.006" tests="3" errors="0" skipped="0" failures="0">
  <properties>
[...]
</properties>
  <testcase name="testMethod1" classname="com.app.test.HelloJunitTest" time="0.002"/>
  <testcase name="testMethod2" classname="com.app.test.HelloJunitTest" time="0"/>
  <testcase name="testMethod3" classname="com.app.test.HelloJunitTest" time="0"/>
</testsuite>